<?xml version="1.0" encoding="UTF-8"?>
<!-- Generated by org.testng.reporters.JUnitReportReporter -->
<testsuite hostname="LTIN611908" failures="0" tests="4" name="com.cts.policy_bazaar.testrunner.Scenario3_Runner" time="75.133" errors="0" timestamp="2025-07-15T10:53:53 IST" skipped="0">
  <testcase classname="com.cts.policy_bazaar.testrunner.Scenario3_Runner" name="validateIfInsuranceProductIsEnabled" time="12.929"/>
  <testcase classname="com.cts.policy_bazaar.testrunner.Scenario3_Runner" name="validateIfHealthInsuranceIsEnabled" time="13.181"/>
  <testcase classname="com.cts.policy_bazaar.testrunner.Scenario3_Runner" name="validateIfWeSwitchedToHealthInsurancePage" time="16.688"/>
  <testcase classname="com.cts.policy_bazaar.testrunner.Scenario3_Runner" name="validateRetrievingHealthInsuranceData" time="32.335"/>
</testsuite> <!-- com.cts.policy_bazaar.testrunner.Scenario3_Runner -->
