<?xml version="1.0" encoding="UTF-8"?>
<!-- Generated by org.testng.reporters.JUnitReportReporter -->
<testsuite hostname="LTIN611908" failures="0" tests="4" name="com.cts.policy_bazaar.testrunner.Scenario3_Runner" time="90.618" errors="0" timestamp="2025-07-15T11:08:27 IST" skipped="0">
  <testcase classname="com.cts.policy_bazaar.testrunner.Scenario3_Runner" name="validateIfInsuranceProductIsEnabled" time="15.922"/>
  <testcase classname="com.cts.policy_bazaar.testrunner.Scenario3_Runner" name="validateIfHealthInsuranceIsEnabled" time="17.422"/>
  <testcase classname="com.cts.policy_bazaar.testrunner.Scenario3_Runner" name="validateIfWeSwitchedToHealthInsurancePage" time="21.411"/>
  <testcase classname="com.cts.policy_bazaar.testrunner.Scenario3_Runner" name="validateRetrievingHealthInsuranceData" time="35.863"/>
</testsuite> <!-- com.cts.policy_bazaar.testrunner.Scenario3_Runner -->
