<?xml version="1.0" encoding="UTF-8"?>
<!-- Generated by org.testng.reporters.JUnitReportReporter -->
<testsuite hostname="LTIN611908" failures="0" tests="11" name="com.cts.policy_bazaar.testrunner.Scenario1_Runner" time="381.067" errors="0" timestamp="2025-07-13T19:46:00 IST" skipped="0">
  <testcase classname="com.cts.policy_bazaar.testrunner.Scenario1_Runner" name="validateAccessingTravelInsurancePage" time="16.654"/>
  <testcase classname="com.cts.policy_bazaar.testrunner.Scenario1_Runner" name="validateSelectingDestination" time="16.939"/>
  <testcase classname="com.cts.policy_bazaar.testrunner.Scenario1_Runner" name="validateTravelStartAndEndDate" time="24.618"/>
  <testcase classname="com.cts.policy_bazaar.testrunner.Scenario1_Runner" name="validateSelecting2TravellersAndGoingToPlansPage" time="39.329"/>
  <testcase classname="com.cts.policy_bazaar.testrunner.Scenario1_Runner" name="validateClickingOnViewPlansAndGoingToPlansPage" time="57.840"/>
  <testcase classname="com.cts.policy_bazaar.testrunner.Scenario1_Runner" name="validateSelectingStudentPlans" time="43.608"/>
  <testcase classname="com.cts.policy_bazaar.testrunner.Scenario1_Runner" name="validatedSortingPlansFromLowToHigh" time="48.478"/>
  <testcase classname="com.cts.policy_bazaar.testrunner.Scenario1_Runner" name="validateGettingTop3Plans" time="49.650"/>
  <testcase classname="com.cts.policy_bazaar.testrunner.Scenario1_Runner" name="validateNoTravellerSelectedGivesError" time="30.006"/>
  <testcase classname="com.cts.policy_bazaar.testrunner.Scenario1_Runner" name="validateInvalidCountryNameShowsNoResult" time="18.723"/>
  <testcase classname="com.cts.policy_bazaar.testrunner.Scenario1_Runner" name="validateNotSelectingDateThrowsError" time="35.222"/>
</testsuite> <!-- com.cts.policy_bazaar.testrunner.Scenario1_Runner -->
