<?xml version="1.0" encoding="UTF-8"?>
<!-- Generated by org.testng.reporters.JUnitReportReporter -->
<testsuite hostname="LTIN611908" failures="0" tests="11" name="com.cts.policy_bazaar.testrunner.Scenario1_Runner" time="374.533" errors="0" timestamp="2025-07-15T12:56:37 IST" skipped="0">
  <testcase classname="com.cts.policy_bazaar.testrunner.Scenario1_Runner" name="validateAccessingTravelInsurancePage" time="13.913"/>
  <testcase classname="com.cts.policy_bazaar.testrunner.Scenario1_Runner" name="validateSelectingDestination" time="20.272"/>
  <testcase classname="com.cts.policy_bazaar.testrunner.Scenario1_Runner" name="validateTravelStartAndEndDate" time="24.952"/>
  <testcase classname="com.cts.policy_bazaar.testrunner.Scenario1_Runner" name="validateSelecting2TravellersAndGoingToPlansPage" time="28.703"/>
  <testcase classname="com.cts.policy_bazaar.testrunner.Scenario1_Runner" name="validateClickingOnViewPlansAndGoingToPlansPage" time="45.841"/>
  <testcase classname="com.cts.policy_bazaar.testrunner.Scenario1_Runner" name="validateSelectingStudentPlans" time="50.208"/>
  <testcase classname="com.cts.policy_bazaar.testrunner.Scenario1_Runner" name="validatedSortingPlansFromLowToHigh" time="54.093"/>
  <testcase classname="com.cts.policy_bazaar.testrunner.Scenario1_Runner" name="validateGettingTop3Plans" time="52.572"/>
  <testcase classname="com.cts.policy_bazaar.testrunner.Scenario1_Runner" name="validateNoTravellerSelectedGivesError" time="30.623"/>
  <testcase classname="com.cts.policy_bazaar.testrunner.Scenario1_Runner" name="validateInvalidCountryNameShowsNoResult" time="18.452"/>
  <testcase classname="com.cts.policy_bazaar.testrunner.Scenario1_Runner" name="validateNotSelectingDateThrowsError" time="34.904"/>
</testsuite> <!-- com.cts.policy_bazaar.testrunner.Scenario1_Runner -->
