<?xml version="1.0" encoding="UTF-8"?>
<!-- Generated by org.testng.reporters.JUnitReportReporter -->
<testsuite hostname="LTIN611908" failures="0" tests="8" name="com.cts.policy_bazaar.testrunner.Scenario2_Runner" time="255.424" errors="0" timestamp="2025-07-15T12:12:54 IST" skipped="0">
  <testcase classname="com.cts.policy_bazaar.testrunner.Scenario2_Runner" name="accessCarInsurancePage" time="19.631"/>
  <testcase classname="com.cts.policy_bazaar.testrunner.Scenario2_Runner" name="clickWithoutCarNumber" time="19.381"/>
  <testcase classname="com.cts.policy_bazaar.testrunner.Scenario2_Runner" name="selectCity" time="23.400"/>
  <testcase classname="com.cts.policy_bazaar.testrunner.Scenario2_Runner" name="selectBrand" time="28.065"/>
  <testcase classname="com.cts.policy_bazaar.testrunner.Scenario2_Runner" name="selectCarModel" time="36.244"/>
  <testcase classname="com.cts.policy_bazaar.testrunner.Scenario2_Runner" name="selectFuelType" time="41.167"/>
  <testcase classname="com.cts.policy_bazaar.testrunner.Scenario2_Runner" name="selectVariant" time="40.811"/>
  <testcase classname="com.cts.policy_bazaar.testrunner.Scenario2_Runner" name="invalidPhoneCheck" time="46.725"/>
</testsuite> <!-- com.cts.policy_bazaar.testrunner.Scenario2_Runner -->
