<?xml version="1.0" encoding="UTF-8"?>
<!-- Generated by org.testng.reporters.JUnitReportReporter -->
<testsuite hostname="LTIN611908" failures="0" tests="4" name="com.cts.policy_bazaar.testrunner.Scenario3_Runner" time="85.416" errors="0" timestamp="2025-07-15T12:14:42 IST" skipped="0">
  <testcase classname="com.cts.policy_bazaar.testrunner.Scenario3_Runner" name="validateIfInsuranceProductIsEnabled" time="15.510"/>
  <testcase classname="com.cts.policy_bazaar.testrunner.Scenario3_Runner" name="validateIfHealthInsuranceIsEnabled" time="16.018"/>
  <testcase classname="com.cts.policy_bazaar.testrunner.Scenario3_Runner" name="validateIfWeSwitchedToHealthInsurancePage" time="20.363"/>
  <testcase classname="com.cts.policy_bazaar.testrunner.Scenario3_Runner" name="validateRetrievingHealthInsuranceData" time="33.525"/>
</testsuite> <!-- com.cts.policy_bazaar.testrunner.Scenario3_Runner -->
